  [1m[35m (0.1ms)[0m  [1m[34mSELECT sqlite_version(*)[0m
  ↳ /Users/cmiller2/.rvm/gems/ruby-2.5.3/bin/rake:23
  [1m[35m (1.0ms)[0m  [1m[35mCREATE TABLE "schema_migrations" ("version" varchar NOT NULL PRIMARY KEY)[0m
  ↳ /Users/cmiller2/.rvm/gems/ruby-2.5.3/bin/rake:23
  [1m[35m (0.7ms)[0m  [1m[35mCREATE TABLE "ar_internal_metadata" ("key" varchar NOT NULL PRIMARY KEY, "value" varchar, "created_at" datetime NOT NULL, "updated_at" datetime NOT NULL)[0m
  ↳ /Users/cmiller2/.rvm/gems/ruby-2.5.3/bin/rake:23
  [1m[35m (0.1ms)[0m  [1m[34mSELECT "schema_migrations"."version" FROM "schema_migrations" ORDER BY "schema_migrations"."version" ASC[0m
  ↳ /Users/cmiller2/.rvm/gems/ruby-2.5.3/bin/rake:23
Migrating to CreateStores (20190320200809)
  [1m[35m (0.0ms)[0m  [1m[36mbegin transaction[0m
  ↳ /Users/cmiller2/.rvm/gems/ruby-2.5.3/bin/rake:23
  [1m[35m (0.3ms)[0m  [1m[35mCREATE TABLE "stores" ("id" integer PRIMARY KEY AUTOINCREMENT NOT NULL, "name" varchar, "city" varchar, "created_at" datetime NOT NULL, "updated_at" datetime NOT NULL)[0m
  ↳ db/migrate/20190320200809_create_stores.rb:3
  [1m[36mActiveRecord::SchemaMigration Create (0.1ms)[0m  [1m[32mINSERT INTO "schema_migrations" ("version") VALUES (?)[0m  [["version", "20190320200809"]]
  ↳ /Users/cmiller2/.rvm/gems/ruby-2.5.3/bin/rake:23
  [1m[35m (0.5ms)[0m  [1m[36mcommit transaction[0m
  ↳ /Users/cmiller2/.rvm/gems/ruby-2.5.3/bin/rake:23
Migrating to CreateAuthors (20190320201343)
  [1m[35m (0.0ms)[0m  [1m[36mbegin transaction[0m
  ↳ /Users/cmiller2/.rvm/gems/ruby-2.5.3/bin/rake:23
  [1m[35m (0.2ms)[0m  [1m[35mCREATE TABLE "authors" ("id" integer PRIMARY KEY AUTOINCREMENT NOT NULL, "name" varchar, "fame" integer, "created_at" datetime NOT NULL, "updated_at" datetime NOT NULL)[0m
  ↳ db/migrate/20190320201343_create_authors.rb:3
  [1m[36mActiveRecord::SchemaMigration Create (0.1ms)[0m  [1m[32mINSERT INTO "schema_migrations" ("version") VALUES (?)[0m  [["version", "20190320201343"]]
  ↳ /Users/cmiller2/.rvm/gems/ruby-2.5.3/bin/rake:23
  [1m[35m (0.6ms)[0m  [1m[36mcommit transaction[0m
  ↳ /Users/cmiller2/.rvm/gems/ruby-2.5.3/bin/rake:23
Migrating to CreateMagazines (20190320201435)
  [1m[35m (0.1ms)[0m  [1m[36mbegin transaction[0m
  ↳ /Users/cmiller2/.rvm/gems/ruby-2.5.3/bin/rake:23
  [1m[35m (0.3ms)[0m  [1m[35mCREATE TABLE "magazines" ("id" integer PRIMARY KEY AUTOINCREMENT NOT NULL, "title" varchar, "category" varchar, "price" integer, "store_id" integer, "author_id" integer, "created_at" datetime NOT NULL, "updated_at" datetime NOT NULL, CONSTRAINT "fk_rails_64a17b4074"
FOREIGN KEY ("author_id")
  REFERENCES "authors" ("id")
)[0m
  ↳ db/migrate/20190320201435_create_magazines.rb:3
  [1m[35m (0.1ms)[0m  [1m[35mCREATE  INDEX "index_magazines_on_author_id" ON "magazines" ("author_id")[0m
  ↳ db/migrate/20190320201435_create_magazines.rb:3
  [1m[36mActiveRecord::SchemaMigration Create (0.1ms)[0m  [1m[32mINSERT INTO "schema_migrations" ("version") VALUES (?)[0m  [["version", "20190320201435"]]
  ↳ /Users/cmiller2/.rvm/gems/ruby-2.5.3/bin/rake:23
  [1m[35m (0.5ms)[0m  [1m[36mcommit transaction[0m
  ↳ /Users/cmiller2/.rvm/gems/ruby-2.5.3/bin/rake:23
  [1m[36mActiveRecord::InternalMetadata Load (0.1ms)[0m  [1m[34mSELECT  "ar_internal_metadata".* FROM "ar_internal_metadata" WHERE "ar_internal_metadata"."key" = ? LIMIT ?[0m  [["key", "environment"], ["LIMIT", 1]]
  ↳ /Users/cmiller2/.rvm/gems/ruby-2.5.3/bin/rake:23
  [1m[35m (0.0ms)[0m  [1m[36mbegin transaction[0m
  ↳ /Users/cmiller2/.rvm/gems/ruby-2.5.3/bin/rake:23
  [1m[36mActiveRecord::InternalMetadata Create (0.2ms)[0m  [1m[32mINSERT INTO "ar_internal_metadata" ("key", "value", "created_at", "updated_at") VALUES (?, ?, ?, ?)[0m  [["key", "environment"], ["value", "development"], ["created_at", "2019-03-20 20:17:03.071492"], ["updated_at", "2019-03-20 20:17:03.071492"]]
  ↳ /Users/cmiller2/.rvm/gems/ruby-2.5.3/bin/rake:23
  [1m[35m (0.4ms)[0m  [1m[36mcommit transaction[0m
  ↳ /Users/cmiller2/.rvm/gems/ruby-2.5.3/bin/rake:23
  [1m[35m (0.1ms)[0m  [1m[34mSELECT "schema_migrations"."version" FROM "schema_migrations" ORDER BY "schema_migrations"."version" ASC[0m
  ↳ /Users/cmiller2/.rvm/gems/ruby-2.5.3/bin/rake:23
Started GET "/smoothies/new" for ::1 at 2019-03-20 16:31:49 -0400
  [1m[35m (0.1ms)[0m  [1m[34mSELECT "schema_migrations"."version" FROM "schema_migrations" ORDER BY "schema_migrations"."version" ASC[0m
  ↳ /Users/cmiller2/.rvm/gems/ruby-2.5.3/gems/activerecord-5.2.2.1/lib/active_record/log_subscriber.rb:98
  
ActionController::RoutingError (No route matches [GET] "/smoothies/new"):
  
actionpack (5.2.2.1) lib/action_dispatch/middleware/debug_exceptions.rb:65:in `call'
web-console (3.7.0) lib/web_console/middleware.rb:135:in `call_app'
web-console (3.7.0) lib/web_console/middleware.rb:30:in `block in call'
web-console (3.7.0) lib/web_console/middleware.rb:20:in `catch'
web-console (3.7.0) lib/web_console/middleware.rb:20:in `call'
actionpack (5.2.2.1) lib/action_dispatch/middleware/show_exceptions.rb:33:in `call'
railties (5.2.2.1) lib/rails/rack/logger.rb:38:in `call_app'
railties (5.2.2.1) lib/rails/rack/logger.rb:26:in `block in call'
activesupport (5.2.2.1) lib/active_support/tagged_logging.rb:71:in `block in tagged'
activesupport (5.2.2.1) lib/active_support/tagged_logging.rb:28:in `tagged'
activesupport (5.2.2.1) lib/active_support/tagged_logging.rb:71:in `tagged'
railties (5.2.2.1) lib/rails/rack/logger.rb:26:in `call'
sprockets-rails (3.2.1) lib/sprockets/rails/quiet_assets.rb:13:in `call'
actionpack (5.2.2.1) lib/action_dispatch/middleware/remote_ip.rb:81:in `call'
actionpack (5.2.2.1) lib/action_dispatch/middleware/request_id.rb:27:in `call'
rack (2.0.6) lib/rack/method_override.rb:22:in `call'
rack (2.0.6) lib/rack/runtime.rb:22:in `call'
activesupport (5.2.2.1) lib/active_support/cache/strategy/local_cache_middleware.rb:29:in `call'
actionpack (5.2.2.1) lib/action_dispatch/middleware/executor.rb:14:in `call'
actionpack (5.2.2.1) lib/action_dispatch/middleware/static.rb:127:in `call'
rack (2.0.6) lib/rack/sendfile.rb:111:in `call'
railties (5.2.2.1) lib/rails/engine.rb:524:in `call'
puma (3.12.1) lib/puma/configuration.rb:227:in `call'
puma (3.12.1) lib/puma/server.rb:660:in `handle_request'
puma (3.12.1) lib/puma/server.rb:474:in `process_client'
puma (3.12.1) lib/puma/server.rb:334:in `block in run'
puma (3.12.1) lib/puma/thread_pool.rb:135:in `block in spawn_thread'
Started GET "/" for ::1 at 2019-03-20 16:31:50 -0400
Processing by Rails::WelcomeController#index as HTML
  Rendering /Users/cmiller2/.rvm/gems/ruby-2.5.3/gems/railties-5.2.2.1/lib/rails/templates/rails/welcome/index.html.erb
  Rendered /Users/cmiller2/.rvm/gems/ruby-2.5.3/gems/railties-5.2.2.1/lib/rails/templates/rails/welcome/index.html.erb (2.0ms)
Completed 200 OK in 9ms (Views: 5.4ms | ActiveRecord: 0.0ms)


Started GET "/stores" for ::1 at 2019-03-20 16:31:54 -0400
Processing by StoresController#index as HTML
  Rendering stores/index.erb within layouts/application
  [1m[36mStore Load (0.1ms)[0m  [1m[34mSELECT "stores".* FROM "stores"[0m
  ↳ app/views/stores/index.erb:3
  Rendered stores/index.erb within layouts/application (1.1ms)
Completed 200 OK in 804ms (Views: 796.2ms | ActiveRecord: 0.3ms)


Started GET "/stores/new" for ::1 at 2019-03-20 16:42:09 -0400
  
ActionController::RoutingError (No route matches [GET] "/stores/new"):
  
actionpack (5.2.2.1) lib/action_dispatch/middleware/debug_exceptions.rb:65:in `call'
web-console (3.7.0) lib/web_console/middleware.rb:135:in `call_app'
web-console (3.7.0) lib/web_console/middleware.rb:30:in `block in call'
web-console (3.7.0) lib/web_console/middleware.rb:20:in `catch'
web-console (3.7.0) lib/web_console/middleware.rb:20:in `call'
actionpack (5.2.2.1) lib/action_dispatch/middleware/show_exceptions.rb:33:in `call'
railties (5.2.2.1) lib/rails/rack/logger.rb:38:in `call_app'
railties (5.2.2.1) lib/rails/rack/logger.rb:26:in `block in call'
activesupport (5.2.2.1) lib/active_support/tagged_logging.rb:71:in `block in tagged'
activesupport (5.2.2.1) lib/active_support/tagged_logging.rb:28:in `tagged'
activesupport (5.2.2.1) lib/active_support/tagged_logging.rb:71:in `tagged'
railties (5.2.2.1) lib/rails/rack/logger.rb:26:in `call'
sprockets-rails (3.2.1) lib/sprockets/rails/quiet_assets.rb:13:in `call'
actionpack (5.2.2.1) lib/action_dispatch/middleware/remote_ip.rb:81:in `call'
actionpack (5.2.2.1) lib/action_dispatch/middleware/request_id.rb:27:in `call'
rack (2.0.6) lib/rack/method_override.rb:22:in `call'
rack (2.0.6) lib/rack/runtime.rb:22:in `call'
activesupport (5.2.2.1) lib/active_support/cache/strategy/local_cache_middleware.rb:29:in `call'
actionpack (5.2.2.1) lib/action_dispatch/middleware/executor.rb:14:in `call'
actionpack (5.2.2.1) lib/action_dispatch/middleware/static.rb:127:in `call'
rack (2.0.6) lib/rack/sendfile.rb:111:in `call'
railties (5.2.2.1) lib/rails/engine.rb:524:in `call'
puma (3.12.1) lib/puma/configuration.rb:227:in `call'
puma (3.12.1) lib/puma/server.rb:660:in `handle_request'
puma (3.12.1) lib/puma/server.rb:474:in `process_client'
puma (3.12.1) lib/puma/server.rb:334:in `block in run'
puma (3.12.1) lib/puma/thread_pool.rb:135:in `block in spawn_thread'
Started GET "/stores/new" for ::1 at 2019-03-20 16:43:40 -0400
Processing by StoresController#new as HTML
  Rendering stores/new.erb within layouts/application
  Rendered stores/new.erb within layouts/application (10.8ms)
Completed 200 OK in 36ms (Views: 27.0ms | ActiveRecord: 0.5ms)


Started GET "/stores/new" for ::1 at 2019-03-20 16:48:09 -0400
Processing by StoresController#new as HTML
  Rendering stores/new.erb within layouts/application
  Rendered stores/new.erb within layouts/application (0.8ms)
Completed 200 OK in 20ms (Views: 17.7ms | ActiveRecord: 0.0ms)


Started GET "/stores/new" for ::1 at 2019-03-20 16:48:45 -0400
Processing by StoresController#new as HTML
  Rendering stores/new.erb within layouts/application
  Rendered stores/new.erb within layouts/application (0.9ms)
Completed 200 OK in 18ms (Views: 16.3ms | ActiveRecord: 0.0ms)


Started GET "/stores/new" for ::1 at 2019-03-20 16:50:26 -0400
Processing by StoresController#new as HTML
  Rendering stores/new.erb within layouts/application
  Rendered stores/new.erb within layouts/application (1.6ms)
Completed 200 OK in 24ms (Views: 20.9ms | ActiveRecord: 0.0ms)


Started GET "/stores/new" for ::1 at 2019-03-20 16:50:54 -0400
Processing by StoresController#new as HTML
  Rendering stores/new.erb within layouts/application
  Rendered stores/new.erb within layouts/application (1.2ms)
Completed 200 OK in 18ms (Views: 16.4ms | ActiveRecord: 0.0ms)


Started GET "/stores/new" for ::1 at 2019-03-20 16:51:17 -0400
Processing by StoresController#new as HTML
  Rendering stores/new.erb within layouts/application
  Rendered stores/new.erb within layouts/application (1.1ms)
Completed 200 OK in 19ms (Views: 17.2ms | ActiveRecord: 0.0ms)


Started GET "/stores/new" for ::1 at 2019-03-20 16:51:32 -0400
Processing by StoresController#new as HTML
  Rendering stores/new.erb within layouts/application
  Rendered stores/new.erb within layouts/application (1.1ms)
Completed 200 OK in 21ms (Views: 18.4ms | ActiveRecord: 0.0ms)


Started POST "/stores" for ::1 at 2019-03-20 16:52:38 -0400
Processing by StoresController#create as HTML
  Parameters: {"utf8"=>"✓", "authenticity_token"=>"908SQmr+k+hOyzUNeQwYfT1ytWarsJUbdMUOPIPW5CB3RS5jO6D8L0AjCmR7K4WCvipJq1gTpubjAAYu5aj/CA==", "store"=>{"name"=>"Hudson News", "city"=>"Laguardia"}, "commit"=>"Create Store, Jeff Bezos!"}
Completed 500 Internal Server Error in 100ms (ActiveRecord: 0.0ms)


  
NameError (undefined local variable or method `store' for #<StoresController:0x00007ff538e283a0>):
  
app/controllers/stores_controller.rb:11:in `create'
Started POST "/stores" for ::1 at 2019-03-20 17:10:43 -0400
Processing by StoresController#create as HTML
  Parameters: {"utf8"=>"✓", "authenticity_token"=>"908SQmr+k+hOyzUNeQwYfT1ytWarsJUbdMUOPIPW5CB3RS5jO6D8L0AjCmR7K4WCvipJq1gTpubjAAYu5aj/CA==", "store"=>{"name"=>"Hudson News", "city"=>"Laguardia"}, "commit"=>"Create Store, Jeff Bezos!"}
  [1m[35m (0.0ms)[0m  [1m[36mbegin transaction[0m
  ↳ app/controllers/stores_controller.rb:11
  [1m[36mStore Create (0.4ms)[0m  [1m[32mINSERT INTO "stores" ("name", "city", "created_at", "updated_at") VALUES (?, ?, ?, ?)[0m  [["name", "Hudson News"], ["city", "Laguardia"], ["created_at", "2019-03-20 21:10:43.982533"], ["updated_at", "2019-03-20 21:10:43.982533"]]
  ↳ app/controllers/stores_controller.rb:11
  [1m[35m (0.5ms)[0m  [1m[36mcommit transaction[0m
  ↳ app/controllers/stores_controller.rb:11
Redirected to 
Completed 500 Internal Server Error in 135ms (ActiveRecord: 1.5ms)


  
NoMethodError (undefined method `store_url' for #<StoresController:0x00007ff5365b19f8>
Did you mean?  stores_url):
  
app/controllers/stores_controller.rb:12:in `create'
Started GET "/stores/1" for ::1 at 2019-03-20 17:13:27 -0400
Processing by StoresController#show as HTML
  Parameters: {"id"=>"1"}
  Rendering stores/show.erb within layouts/application
  Rendered stores/show.erb within layouts/application (2.9ms)
Completed 500 Internal Server Error in 10ms (ActiveRecord: 0.0ms)


  
ActionView::Template::Error (undefined method `name' for nil:NilClass):
    1: <h1>Store Details, yay</h1>
    2: 
    3: <%= @store.name %>
    4: <%= @store.city %>
    5: <%= link_to stores_path, "Go to index" %>
  
app/views/stores/show.erb:3:in `_app_views_stores_show_erb___3739159676805700880_70345577823800'
Started POST "/stores" for ::1 at 2019-03-20 17:14:12 -0400
Processing by StoresController#create as HTML
  Parameters: {"utf8"=>"✓", "authenticity_token"=>"908SQmr+k+hOyzUNeQwYfT1ytWarsJUbdMUOPIPW5CB3RS5jO6D8L0AjCmR7K4WCvipJq1gTpubjAAYu5aj/CA==", "store"=>{"name"=>"Hudson News", "city"=>"Laguardia"}, "commit"=>"Create Store, Jeff Bezos!"}
  [1m[35m (0.0ms)[0m  [1m[36mbegin transaction[0m
  ↳ app/controllers/stores_controller.rb:11
  [1m[36mStore Create (0.3ms)[0m  [1m[32mINSERT INTO "stores" ("name", "city", "created_at", "updated_at") VALUES (?, ?, ?, ?)[0m  [["name", "Hudson News"], ["city", "Laguardia"], ["created_at", "2019-03-20 21:14:13.012119"], ["updated_at", "2019-03-20 21:14:13.012119"]]
  ↳ app/controllers/stores_controller.rb:11
  [1m[35m (0.7ms)[0m  [1m[36mcommit transaction[0m
  ↳ app/controllers/stores_controller.rb:11
Redirected to http://localhost:3000/stores/2
Completed 302 Found in 15ms (ActiveRecord: 1.4ms)


Started GET "/stores/2" for ::1 at 2019-03-20 17:14:13 -0400
Processing by StoresController#show as HTML
  Parameters: {"id"=>"2"}
  Rendering stores/show.erb within layouts/application
  Rendered stores/show.erb within layouts/application (2.3ms)
Completed 500 Internal Server Error in 9ms (ActiveRecord: 0.0ms)


  
ActionView::Template::Error (undefined method `name' for nil:NilClass):
    1: <h1>Store Details, yay</h1>
    2: 
    3: <%= @store.name %>
    4: <%= @store.city %>
    5: <%= link_to "Go to index", stores_path %>
  
app/views/stores/show.erb:3:in `_app_views_stores_show_erb___3739159676805700880_70345578800820'
Started GET "/stores/2" for ::1 at 2019-03-20 17:15:46 -0400
Processing by StoresController#show as HTML
  Parameters: {"id"=>"2"}
  [1m[36mStore Load (0.1ms)[0m  [1m[34mSELECT  "stores".* FROM "stores" WHERE "stores"."id" = ? LIMIT ?[0m  [["id", 2], ["LIMIT", 1]]
  ↳ app/controllers/stores_controller.rb:7
  Rendering stores/show.erb within layouts/application
  Rendered stores/show.erb within layouts/application (0.4ms)
Completed 200 OK in 31ms (Views: 18.1ms | ActiveRecord: 0.7ms)


Started GET "/stores/1" for ::1 at 2019-03-20 17:16:05 -0400
Processing by StoresController#show as HTML
  Parameters: {"id"=>"1"}
  [1m[36mStore Load (0.1ms)[0m  [1m[34mSELECT  "stores".* FROM "stores" WHERE "stores"."id" = ? LIMIT ?[0m  [["id", 1], ["LIMIT", 1]]
  ↳ app/controllers/stores_controller.rb:7
  Rendering stores/show.erb within layouts/application
  Rendered stores/show.erb within layouts/application (0.5ms)
Completed 200 OK in 22ms (Views: 18.6ms | ActiveRecord: 0.1ms)


Started GET "/stores/3" for ::1 at 2019-03-20 17:16:08 -0400
Processing by StoresController#show as HTML
  Parameters: {"id"=>"3"}
  [1m[36mStore Load (0.1ms)[0m  [1m[34mSELECT  "stores".* FROM "stores" WHERE "stores"."id" = ? LIMIT ?[0m  [["id", 3], ["LIMIT", 1]]
  ↳ app/controllers/stores_controller.rb:7
Completed 404 Not Found in 1ms (ActiveRecord: 0.1ms)


  
ActiveRecord::RecordNotFound (Couldn't find Store with 'id'=3):
  
app/controllers/stores_controller.rb:7:in `show'
Started GET "/stores/2" for ::1 at 2019-03-20 17:16:09 -0400
Processing by StoresController#show as HTML
  Parameters: {"id"=>"2"}
  [1m[36mStore Load (0.2ms)[0m  [1m[34mSELECT  "stores".* FROM "stores" WHERE "stores"."id" = ? LIMIT ?[0m  [["id", 2], ["LIMIT", 1]]
  ↳ app/controllers/stores_controller.rb:7
  Rendering stores/show.erb within layouts/application
  Rendered stores/show.erb within layouts/application (0.4ms)
Completed 200 OK in 21ms (Views: 17.0ms | ActiveRecord: 0.2ms)


Started GET "/stores/2" for ::1 at 2019-03-20 17:19:34 -0400
Processing by StoresController#show as HTML
  Parameters: {"id"=>"2"}
  [1m[36mStore Load (0.1ms)[0m  [1m[34mSELECT  "stores".* FROM "stores" WHERE "stores"."id" = ? LIMIT ?[0m  [["id", 2], ["LIMIT", 1]]
  ↳ app/controllers/stores_controller.rb:7
  Rendering stores/show.erb within layouts/application
  Rendered stores/show.erb within layouts/application (1.4ms)
Completed 500 Internal Server Error in 10ms (ActiveRecord: 0.1ms)


  
SyntaxError (/Users/cmiller2/Development/Flatiron/rails_thing/magazine_store/app/views/stores/show.erb:11: syntax error, unexpected keyword_ensure, expecting end-of-input
          ensure
          ^~~~~~):
  
app/views/stores/show.erb:11: syntax error, unexpected keyword_ensure, expecting end-of-input
Started GET "/stores/2" for ::1 at 2019-03-20 17:19:46 -0400
Processing by StoresController#show as HTML
  Parameters: {"id"=>"2"}
  [1m[36mStore Load (0.1ms)[0m  [1m[34mSELECT  "stores".* FROM "stores" WHERE "stores"."id" = ? LIMIT ?[0m  [["id", 2], ["LIMIT", 1]]
  ↳ app/controllers/stores_controller.rb:7
  Rendering stores/show.erb within layouts/application
  Rendered stores/show.erb within layouts/application (0.7ms)
Completed 500 Internal Server Error in 10ms (ActiveRecord: 0.1ms)


  
SyntaxError (/Users/cmiller2/Development/Flatiron/rails_thing/magazine_store/app/views/stores/show.erb:11: syntax error, unexpected keyword_ensure, expecting end-of-input
          ensure
          ^~~~~~):
  
app/views/stores/show.erb:11: syntax error, unexpected keyword_ensure, expecting end-of-input
Started GET "/stores/2" for ::1 at 2019-03-20 17:20:29 -0400
Processing by StoresController#show as HTML
  Parameters: {"id"=>"2"}
  [1m[36mStore Load (0.1ms)[0m  [1m[34mSELECT  "stores".* FROM "stores" WHERE "stores"."id" = ? LIMIT ?[0m  [["id", 2], ["LIMIT", 1]]
  ↳ app/controllers/stores_controller.rb:7
  Rendering stores/show.erb within layouts/application
  Rendered stores/show.erb within layouts/application (1.1ms)
Completed 200 OK in 23ms (Views: 20.3ms | ActiveRecord: 0.1ms)


Started GET "/stores/2" for ::1 at 2019-03-20 17:20:46 -0400
Processing by StoresController#show as HTML
  Parameters: {"id"=>"2"}
  [1m[36mStore Load (0.1ms)[0m  [1m[34mSELECT  "stores".* FROM "stores" WHERE "stores"."id" = ? LIMIT ?[0m  [["id", 2], ["LIMIT", 1]]
  ↳ app/controllers/stores_controller.rb:7
  Rendering stores/show.erb within layouts/application
  Rendered stores/show.erb within layouts/application (0.5ms)
Completed 500 Internal Server Error in 8ms (ActiveRecord: 0.1ms)


  
SyntaxError (/Users/cmiller2/Development/Flatiron/rails_thing/magazine_store/app/views/stores/show.erb:8: syntax error, unexpected '{', expecting keyword_end
.../:id/delete', method: :delete { @output_buffer.safe_append='
...                              ^
/Users/cmiller2/Development/Flatiron/rails_thing/magazine_store/app/views/stores/show.erb:10: syntax error, unexpected '}', expecting keyword_end
'.freeze; } 
          ^):
  
app/views/stores/show.erb:8: syntax error, unexpected '{', expecting keyword_end
app/views/stores/show.erb:10: syntax error, unexpected '}', expecting keyword_end
Started GET "/stores/2" for ::1 at 2019-03-20 17:20:53 -0400
Processing by StoresController#show as HTML
  Parameters: {"id"=>"2"}
  [1m[36mStore Load (0.1ms)[0m  [1m[34mSELECT  "stores".* FROM "stores" WHERE "stores"."id" = ? LIMIT ?[0m  [["id", 2], ["LIMIT", 1]]
  ↳ app/controllers/stores_controller.rb:7
  Rendering stores/show.erb within layouts/application
  Rendered stores/show.erb within layouts/application (0.7ms)
Completed 200 OK in 19ms (Views: 16.6ms | ActiveRecord: 0.1ms)


Started DELETE "/stores/:id/delete" for ::1 at 2019-03-20 17:29:14 -0400
  
ActionController::RoutingError (No route matches [DELETE] "/stores/:id/delete"):
  
actionpack (5.2.2.1) lib/action_dispatch/middleware/debug_exceptions.rb:65:in `call'
web-console (3.7.0) lib/web_console/middleware.rb:135:in `call_app'
web-console (3.7.0) lib/web_console/middleware.rb:30:in `block in call'
web-console (3.7.0) lib/web_console/middleware.rb:20:in `catch'
web-console (3.7.0) lib/web_console/middleware.rb:20:in `call'
actionpack (5.2.2.1) lib/action_dispatch/middleware/show_exceptions.rb:33:in `call'
railties (5.2.2.1) lib/rails/rack/logger.rb:38:in `call_app'
railties (5.2.2.1) lib/rails/rack/logger.rb:26:in `block in call'
activesupport (5.2.2.1) lib/active_support/tagged_logging.rb:71:in `block in tagged'
activesupport (5.2.2.1) lib/active_support/tagged_logging.rb:28:in `tagged'
activesupport (5.2.2.1) lib/active_support/tagged_logging.rb:71:in `tagged'
railties (5.2.2.1) lib/rails/rack/logger.rb:26:in `call'
sprockets-rails (3.2.1) lib/sprockets/rails/quiet_assets.rb:13:in `call'
actionpack (5.2.2.1) lib/action_dispatch/middleware/remote_ip.rb:81:in `call'
actionpack (5.2.2.1) lib/action_dispatch/middleware/request_id.rb:27:in `call'
rack (2.0.6) lib/rack/method_override.rb:22:in `call'
rack (2.0.6) lib/rack/runtime.rb:22:in `call'
activesupport (5.2.2.1) lib/active_support/cache/strategy/local_cache_middleware.rb:29:in `call'
actionpack (5.2.2.1) lib/action_dispatch/middleware/executor.rb:14:in `call'
actionpack (5.2.2.1) lib/action_dispatch/middleware/static.rb:127:in `call'
rack (2.0.6) lib/rack/sendfile.rb:111:in `call'
railties (5.2.2.1) lib/rails/engine.rb:524:in `call'
puma (3.12.1) lib/puma/configuration.rb:227:in `call'
puma (3.12.1) lib/puma/server.rb:660:in `handle_request'
puma (3.12.1) lib/puma/server.rb:474:in `process_client'
puma (3.12.1) lib/puma/server.rb:334:in `block in run'
puma (3.12.1) lib/puma/thread_pool.rb:135:in `block in spawn_thread'
Started GET "/stores/2" for ::1 at 2019-03-20 17:29:48 -0400
Processing by StoresController#show as HTML
  Parameters: {"id"=>"2"}
  [1m[36mStore Load (0.1ms)[0m  [1m[34mSELECT  "stores".* FROM "stores" WHERE "stores"."id" = ? LIMIT ?[0m  [["id", 2], ["LIMIT", 1]]
  ↳ app/controllers/stores_controller.rb:7
  Rendering stores/show.erb within layouts/application
  Rendered stores/show.erb within layouts/application (0.6ms)
Completed 200 OK in 26ms (Views: 17.7ms | ActiveRecord: 0.6ms)


Started DELETE "/stores/:id" for ::1 at 2019-03-20 17:29:50 -0400
Processing by StoresController#destroy as HTML
  Parameters: {"utf8"=>"✓", "authenticity_token"=>"wH3hFx2+E5FOswEKKAupZHmXt2WcRlMLHS5QGg4ULp1Ad902TOB8VkBbPmMqLDSb+s9LqG/lYPaK61gIaGo1tQ==", "commit"=>"Begone, thot", "id"=>":id"}
  [1m[36mStore Load (0.1ms)[0m  [1m[34mSELECT  "stores".* FROM "stores" WHERE "stores"."id" = ? LIMIT ?[0m  [["id", 0], ["LIMIT", 1]]
  ↳ app/controllers/stores_controller.rb:20
Completed 404 Not Found in 1ms (ActiveRecord: 0.1ms)


  
ActiveRecord::RecordNotFound (Couldn't find Store with 'id'=:id):
  
app/controllers/stores_controller.rb:20:in `destroy'
Started GET "/stores" for ::1 at 2019-03-20 17:32:50 -0400
Processing by StoresController#index as HTML
  Rendering stores/index.erb within layouts/application
  [1m[36mStore Load (0.1ms)[0m  [1m[34mSELECT "stores".* FROM "stores"[0m
  ↳ app/views/stores/index.erb:3
  Rendered stores/index.erb within layouts/application (4.2ms)
Completed 200 OK in 26ms (Views: 20.6ms | ActiveRecord: 0.5ms)


Started GET "/stores" for ::1 at 2019-03-20 17:32:54 -0400
Processing by StoresController#index as HTML
  Rendering stores/index.erb within layouts/application
  [1m[36mStore Load (0.2ms)[0m  [1m[34mSELECT "stores".* FROM "stores"[0m
  ↳ app/views/stores/index.erb:3
  Rendered stores/index.erb within layouts/application (1.2ms)
Completed 200 OK in 23ms (Views: 20.1ms | ActiveRecord: 0.2ms)


Started GET "/stores/2" for ::1 at 2019-03-20 17:32:56 -0400
Processing by StoresController#show as HTML
  Parameters: {"id"=>"2"}
  [1m[36mStore Load (0.2ms)[0m  [1m[34mSELECT  "stores".* FROM "stores" WHERE "stores"."id" = ? LIMIT ?[0m  [["id", 2], ["LIMIT", 1]]
  ↳ app/controllers/stores_controller.rb:7
  Rendering stores/show.erb within layouts/application
  Rendered stores/show.erb within layouts/application (1.0ms)
Completed 200 OK in 32ms (Views: 26.9ms | ActiveRecord: 0.2ms)


Started DELETE "/stores/:id" for ::1 at 2019-03-20 17:33:00 -0400
Processing by StoresController#destroy as HTML
  Parameters: {"utf8"=>"✓", "authenticity_token"=>"6PjYvxsjOWfqSUFk8ZTiDACXH3GyBL7b6jCPJCvwuzpnPJFlmxCCMD90ki59HsUoBVX0Qe03Zn2T0gOgGKJMoA==", "commit"=>"Begone, thot", "id"=>":id"}
  [1m[36mStore Load (0.1ms)[0m  [1m[34mSELECT  "stores".* FROM "stores" WHERE "stores"."id" = ? LIMIT ?[0m  [["id", 0], ["LIMIT", 1]]
  ↳ app/controllers/stores_controller.rb:20
Completed 404 Not Found in 1ms (ActiveRecord: 0.1ms)


  
ActiveRecord::RecordNotFound (Couldn't find Store with 'id'=:id):
  
app/controllers/stores_controller.rb:20:in `destroy'
Started GET "/stores/2" for ::1 at 2019-03-20 17:33:23 -0400
  [1m[35m (0.1ms)[0m  [1m[34mSELECT "schema_migrations"."version" FROM "schema_migrations" ORDER BY "schema_migrations"."version" ASC[0m
  ↳ /Users/cmiller2/.rvm/gems/ruby-2.5.3/gems/activerecord-5.2.2.1/lib/active_record/log_subscriber.rb:98
Processing by StoresController#show as HTML
  Parameters: {"id"=>"2"}
  [1m[36mStore Load (0.1ms)[0m  [1m[34mSELECT  "stores".* FROM "stores" WHERE "stores"."id" = ? LIMIT ?[0m  [["id", 2], ["LIMIT", 1]]
  ↳ app/controllers/stores_controller.rb:7
  Rendering stores/show.erb within layouts/application
  Rendered stores/show.erb within layouts/application (1.0ms)
Completed 200 OK in 178ms (Views: 163.0ms | ActiveRecord: 0.5ms)


Started DELETE "/stores/:id" for ::1 at 2019-03-20 17:33:24 -0400
Processing by StoresController#destroy as HTML
  Parameters: {"utf8"=>"✓", "authenticity_token"=>"Qu448XV8behze2b4inQIASSof0mMiGyGZBHWPbq6uLvC5ATQJCICL32TWZGIU5X+p/CDhH8rX3vz1N4v3MSjkw==", "commit"=>"Begone, thot", "id"=>":id"}
  [1m[36mStore Load (0.1ms)[0m  [1m[34mSELECT  "stores".* FROM "stores" WHERE "stores"."id" = ? LIMIT ?[0m  [["id", 0], ["LIMIT", 1]]
  ↳ app/controllers/stores_controller.rb:20
Completed 404 Not Found in 1ms (ActiveRecord: 0.1ms)


  
ActiveRecord::RecordNotFound (Couldn't find Store with 'id'=:id):
  
app/controllers/stores_controller.rb:20:in `destroy'
Started GET "/stores/2" for ::1 at 2019-03-20 17:34:17 -0400
Processing by StoresController#show as HTML
  Parameters: {"id"=>"2"}
  [1m[36mStore Load (0.1ms)[0m  [1m[34mSELECT  "stores".* FROM "stores" WHERE "stores"."id" = ? LIMIT ?[0m  [["id", 2], ["LIMIT", 1]]
  ↳ app/controllers/stores_controller.rb:7
  Rendering stores/show.erb within layouts/application
  Rendered stores/show.erb within layouts/application (0.6ms)
Completed 200 OK in 26ms (Views: 16.5ms | ActiveRecord: 0.7ms)


Started DELETE "/stores/:id" for ::1 at 2019-03-20 17:34:18 -0400
Processing by StoresController#destroy as HTML
  Parameters: {"utf8"=>"✓", "authenticity_token"=>"FYUZXoSuNgXWzT0Y0NsaAMVuIm8ZB99nvwl5ur8Zj6KVjyV/1fBZwtglAnHS/If/Rjbeouqk7JoozHGo2WeUig==", "commit"=>"Begone, thot", "id"=>":id"}
Completed 500 Internal Server Error in 33545ms (ActiveRecord: 0.0ms)


  
SystemExit (exit):
  
(byebug):1:in `exit'
(byebug):1:in `destroy'
app/controllers/stores_controller.rb:21:in `destroy'
Started GET "/stores/2" for ::1 at 2019-03-20 17:36:30 -0400
  [1m[35m (0.1ms)[0m  [1m[34mSELECT "schema_migrations"."version" FROM "schema_migrations" ORDER BY "schema_migrations"."version" ASC[0m
  ↳ /Users/cmiller2/.rvm/gems/ruby-2.5.3/gems/activerecord-5.2.2.1/lib/active_record/log_subscriber.rb:98
Processing by StoresController#show as HTML
  Parameters: {"id"=>"2"}
  [1m[36mStore Load (0.1ms)[0m  [1m[34mSELECT  "stores".* FROM "stores" WHERE "stores"."id" = ? LIMIT ?[0m  [["id", 2], ["LIMIT", 1]]
  ↳ app/controllers/stores_controller.rb:7
  Rendering stores/show.erb within layouts/application
  Rendered stores/show.erb within layouts/application (1.0ms)
Completed 200 OK in 169ms (Views: 156.2ms | ActiveRecord: 0.5ms)


Started DELETE "/stores/2" for ::1 at 2019-03-20 17:36:31 -0400
Processing by StoresController#destroy as HTML
  Parameters: {"utf8"=>"✓", "authenticity_token"=>"2NfvjuEE+ACXWqNQ61r+9WPPPj87JnPSEKJj37eOuglY3dOvsFqXx5mynDnpfWMK4JfC8siFQC+HZ2vN0fChIQ==", "commit"=>"Begone, thot", "id"=>"2"}
  [1m[36mStore Load (0.1ms)[0m  [1m[34mSELECT  "stores".* FROM "stores" WHERE "stores"."id" = ? LIMIT ?[0m  [["id", 2], ["LIMIT", 1]]
  ↳ app/controllers/stores_controller.rb:20
  [1m[35m (0.0ms)[0m  [1m[36mbegin transaction[0m
  ↳ app/controllers/stores_controller.rb:20
  [1m[36mStore Destroy (0.5ms)[0m  [1m[31mDELETE FROM "stores" WHERE "stores"."id" = ?[0m  [["id", 2]]
  ↳ app/controllers/stores_controller.rb:20
  [1m[35m (0.8ms)[0m  [1m[36mcommit transaction[0m
  ↳ app/controllers/stores_controller.rb:20
Redirected to http://localhost:3000/stores
Completed 302 Found in 4ms (ActiveRecord: 1.5ms)


Started GET "/stores" for ::1 at 2019-03-20 17:36:31 -0400
Processing by StoresController#index as HTML
  Rendering stores/index.erb within layouts/application
  [1m[36mStore Load (0.2ms)[0m  [1m[34mSELECT "stores".* FROM "stores"[0m
  ↳ app/views/stores/index.erb:3
  Rendered stores/index.erb within layouts/application (1.2ms)
Completed 200 OK in 23ms (Views: 19.7ms | ActiveRecord: 0.2ms)


Started GET "/stores/new" for ::1 at 2019-03-20 17:44:45 -0400
Processing by StoresController#new as HTML
  Rendering stores/new.erb within layouts/application
  Rendered stores/new.erb within layouts/application (12.2ms)
Completed 200 OK in 32ms (Views: 28.8ms | ActiveRecord: 0.0ms)


Started GET "/stores/new" for ::1 at 2019-03-20 17:49:04 -0400
Processing by StoresController#new as HTML
  Rendering stores/new.erb within layouts/application
  Rendered stores/new.erb within layouts/application (2.0ms)
Completed 200 OK in 26ms (Views: 17.4ms | ActiveRecord: 0.6ms)


Started POST "/stores" for ::1 at 2019-03-20 17:49:30 -0400
Processing by StoresController#create as HTML
  Parameters: {"utf8"=>"✓", "authenticity_token"=>"+5aGHKhXCJh19AAnHI0y8qWkz1Mvzw+9EeeR60vXvC97nLo9+QlnX3scP04eqq8NJvwzntxsPECGIpn5LamnBw==", "store"=>{"name"=>"Cool Store", "city"=>"Cool town", "magazines"=>{"title"=>"Magazine name", "category"=>"Pun"}}, "commit"=>"Create Store, Jeff Bezos!"}
Completed 500 Internal Server Error in 16ms (ActiveRecord: 0.0ms)


  
ActiveRecord::AssociationTypeMismatch (Magazine(#70356065100180) expected, got ["title", "Magazine name"] which is an instance of Array(#70356056776760)):
  
app/controllers/stores_controller.rb:15:in `create'
Started POST "/stores" for ::1 at 2019-03-20 17:50:13 -0400
Processing by StoresController#create as HTML
  Parameters: {"utf8"=>"✓", "authenticity_token"=>"+5aGHKhXCJh19AAnHI0y8qWkz1Mvzw+9EeeR60vXvC97nLo9+QlnX3scP04eqq8NJvwzntxsPECGIpn5LamnBw==", "store"=>{"name"=>"Cool Store", "city"=>"Cool town", "magazines"=>{"title"=>"Magazine name", "category"=>"Pun"}}, "commit"=>"Create Store, Jeff Bezos!"}
Completed 500 Internal Server Error in 71676ms (ActiveRecord: 0.6ms)


  
ActiveRecord::AssociationTypeMismatch (Magazine(#70356077585860) expected, got ["title", "Magazine name"] which is an instance of Array(#70356056776760)):
  
app/controllers/stores_controller.rb:16:in `create'
Started GET "/stores/new" for ::1 at 2019-03-20 17:51:27 -0400
Processing by StoresController#new as HTML
  Rendering stores/new.erb within layouts/application
  Rendered stores/new.erb within layouts/application (3.5ms)
Completed 200 OK in 27ms (Views: 18.8ms | ActiveRecord: 0.7ms)


Started GET "/stores/new" for ::1 at 2019-03-20 17:52:47 -0400
Processing by StoresController#new as HTML
  Rendering stores/new.erb within layouts/application
  Rendered stores/new.erb within layouts/application (3.4ms)
Completed 200 OK in 36828ms (Views: 39.3ms | ActiveRecord: 0.9ms)


Started POST "/stores" for ::1 at 2019-03-20 17:53:43 -0400
Processing by StoresController#create as HTML
  Parameters: {"utf8"=>"✓", "authenticity_token"=>"UXpMKkO+t8rc5nuJ2JOeTjg73pldIBDd7vh0tQqeQpPRcHALEuDYDdIORODatAOxu2MiVK6DIyB5PXynbOBZuw==", "store"=>{"name"=>"Cool Store", "city"=>"Falls Church", "magazines_attributes"=>{"0"=>{"title"=>"mag1", "category"=>"great"}, "1"=>{"title"=>"mag2", "category"=>"just ok"}}}, "commit"=>"Create Store, Jeff Bezos!"}
Unpermitted parameter: :magazines_attributes
  [1m[35m (0.1ms)[0m  [1m[36mbegin transaction[0m
  ↳ app/controllers/stores_controller.rb:19
  [1m[36mStore Create (0.5ms)[0m  [1m[32mINSERT INTO "stores" ("name", "city", "created_at", "updated_at") VALUES (?, ?, ?, ?)[0m  [["name", "Cool Store"], ["city", "Falls Church"], ["created_at", "2019-03-20 21:54:49.653520"], ["updated_at", "2019-03-20 21:54:49.653520"]]
  ↳ app/controllers/stores_controller.rb:19
  [1m[35m (0.9ms)[0m  [1m[36mcommit transaction[0m
  ↳ app/controllers/stores_controller.rb:19
Redirected to http://localhost:3000/stores/3
Completed 302 Found in 66167ms (ActiveRecord: 1.5ms)


Started GET "/stores/3" for ::1 at 2019-03-20 17:54:49 -0400
Processing by StoresController#show as HTML
  Parameters: {"id"=>"3"}
  [1m[36mStore Load (0.2ms)[0m  [1m[34mSELECT  "stores".* FROM "stores" WHERE "stores"."id" = ? LIMIT ?[0m  [["id", 3], ["LIMIT", 1]]
  ↳ app/controllers/stores_controller.rb:7
  Rendering stores/show.erb within layouts/application
  Rendered stores/show.erb within layouts/application (0.7ms)
Completed 200 OK in 26ms (Views: 22.6ms | ActiveRecord: 0.2ms)


Started GET "/" for ::1 at 2019-03-21 10:39:14 -0400
  [1m[35m (0.2ms)[0m  [1m[34mSELECT "schema_migrations"."version" FROM "schema_migrations" ORDER BY "schema_migrations"."version" ASC[0m
  ↳ /Users/cmiller2/.rvm/gems/ruby-2.5.3/gems/activerecord-5.2.2.1/lib/active_record/log_subscriber.rb:98
Processing by Rails::WelcomeController#index as HTML
  Rendering /Users/cmiller2/.rvm/gems/ruby-2.5.3/gems/railties-5.2.2.1/lib/rails/templates/rails/welcome/index.html.erb
  Rendered /Users/cmiller2/.rvm/gems/ruby-2.5.3/gems/railties-5.2.2.1/lib/rails/templates/rails/welcome/index.html.erb (2.3ms)
Completed 200 OK in 16ms (Views: 6.7ms | ActiveRecord: 0.0ms)


Started GET "/stores/new" for ::1 at 2019-03-21 10:39:20 -0400
Processing by StoresController#new as HTML
  Rendering stores/new.erb within layouts/application
  Rendered stores/new.erb within layouts/application (11.8ms)
Completed 200 OK in 204ms (Views: 176.1ms | ActiveRecord: 0.9ms)


Started GET "/stores/new" for ::1 at 2019-03-21 10:39:37 -0400
Processing by StoresController#new as HTML
  Rendering stores/new.erb within layouts/application
  Rendered stores/new.erb within layouts/application (2.1ms)
Completed 200 OK in 22ms (Views: 18.5ms | ActiveRecord: 0.0ms)


Started GET "/stores/new" for ::1 at 2019-03-21 10:45:06 -0400
Processing by StoresController#new as HTML
  Rendering stores/new.erb within layouts/application
  Rendered stores/new.erb within layouts/application (3.9ms)
Completed 200 OK in 41ms (Views: 22.1ms | ActiveRecord: 0.9ms)


Started GET "/stores/new" for ::1 at 2019-03-21 10:45:52 -0400
Processing by StoresController#new as HTML
  Rendering stores/new.erb within layouts/application
  Rendered stores/new.erb within layouts/application (3.7ms)
Completed 200 OK in 165860ms (Views: 41.0ms | ActiveRecord: 1.0ms)


Started GET "/stores/new" for ::1 at 2019-03-21 10:48:41 -0400
Processing by StoresController#new as HTML
  Rendering stores/new.erb within layouts/application
  Rendered stores/new.erb within layouts/application (3.7ms)
Completed 200 OK in 39ms (Views: 20.3ms | ActiveRecord: 0.9ms)


Started POST "/stores" for ::1 at 2019-03-21 10:52:47 -0400
Processing by StoresController#create as HTML
  Parameters: {"utf8"=>"✓", "authenticity_token"=>"WGSO3VO+8yLeZVfFLcHYznbDKgV8v3OzHz63hQIe2Olls5hJBhe1UezZCXkopwFcm7O78sxhvfdlAT0XM2YLWQ==", "store"=>{"name"=>"Costcop", "city"=>"Baltimop", "magazines_attributes"=>{"0"=>{"title"=>"Cool Times", "category"=>"Great"}, "1"=>{"title"=>"Sweet Flips", "category"=>"taz"}, "2"=>{"title"=>"Paul Esquire", "category"=>"eh"}, "3"=>{"title"=>"Trevor INC", "category"=>"Great"}}}, "commit"=>"Create Store"}
  [1m[35m (0.0ms)[0m  [1m[36mbegin transaction[0m
  ↳ app/controllers/stores_controller.rb:21
  [1m[35m (0.0ms)[0m  [1m[31mrollback transaction[0m
  ↳ app/controllers/stores_controller.rb:21
Completed 422 Unprocessable Entity in 39523ms (ActiveRecord: 1.1ms)


  
ActiveRecord::RecordInvalid (Validation failed: Magazines author must exist):
  
app/controllers/stores_controller.rb:21:in `create'
Started POST "/stores" for ::1 at 2019-03-21 10:53:39 -0400
Processing by StoresController#create as HTML
  Parameters: {"utf8"=>"✓", "authenticity_token"=>"WGSO3VO+8yLeZVfFLcHYznbDKgV8v3OzHz63hQIe2Olls5hJBhe1UezZCXkopwFcm7O78sxhvfdlAT0XM2YLWQ==", "store"=>{"name"=>"Costcop", "city"=>"Baltimop", "magazines_attributes"=>{"0"=>{"title"=>"Cool Times", "category"=>"Great"}, "1"=>{"title"=>"Sweet Flips", "category"=>"taz"}, "2"=>{"title"=>"Paul Esquire", "category"=>"eh"}, "3"=>{"title"=>"Trevor INC", "category"=>"Great"}}}, "commit"=>"Create Store"}
  [1m[35m (0.1ms)[0m  [1m[36mbegin transaction[0m
  ↳ app/controllers/stores_controller.rb:20
  [1m[35m (0.0ms)[0m  [1m[31mrollback transaction[0m
  ↳ app/controllers/stores_controller.rb:20
Completed 422 Unprocessable Entity in 21ms (ActiveRecord: 1.0ms)


  
ActiveRecord::RecordInvalid (Validation failed: Magazines author must exist):
  
app/controllers/stores_controller.rb:20:in `create'
Started POST "/stores" for ::1 at 2019-03-21 10:53:57 -0400
Processing by StoresController#create as HTML
  Parameters: {"utf8"=>"✓", "authenticity_token"=>"WGSO3VO+8yLeZVfFLcHYznbDKgV8v3OzHz63hQIe2Olls5hJBhe1UezZCXkopwFcm7O78sxhvfdlAT0XM2YLWQ==", "store"=>{"name"=>"Costcop", "city"=>"Baltimop", "magazines_attributes"=>{"0"=>{"title"=>"Cool Times", "category"=>"Great"}, "1"=>{"title"=>"Sweet Flips", "category"=>"taz"}, "2"=>{"title"=>"Paul Esquire", "category"=>"eh"}, "3"=>{"title"=>"Trevor INC", "category"=>"Great"}}}, "commit"=>"Create Store"}
  [1m[35m (0.2ms)[0m  [1m[36mbegin transaction[0m
  ↳ app/controllers/stores_controller.rb:21
  [1m[35m (0.2ms)[0m  [1m[31mrollback transaction[0m
  ↳ app/controllers/stores_controller.rb:21
Completed 422 Unprocessable Entity in 131ms (ActiveRecord: 4.7ms)


  
ActiveRecord::RecordInvalid (Validation failed: Magazines author must exist):
  
app/controllers/stores_controller.rb:21:in `create'
Started POST "/stores" for ::1 at 2019-03-21 10:54:03 -0400
Processing by StoresController#create as HTML
  Parameters: {"utf8"=>"✓", "authenticity_token"=>"WGSO3VO+8yLeZVfFLcHYznbDKgV8v3OzHz63hQIe2Olls5hJBhe1UezZCXkopwFcm7O78sxhvfdlAT0XM2YLWQ==", "store"=>{"name"=>"Costcop", "city"=>"Baltimop", "magazines_attributes"=>{"0"=>{"title"=>"Cool Times", "category"=>"Great"}, "1"=>{"title"=>"Sweet Flips", "category"=>"taz"}, "2"=>{"title"=>"Paul Esquire", "category"=>"eh"}, "3"=>{"title"=>"Trevor INC", "category"=>"Great"}}}, "commit"=>"Create Store"}
  [1m[35m (0.1ms)[0m  [1m[36mbegin transaction[0m
  ↳ app/controllers/stores_controller.rb:21
  [1m[35m (0.0ms)[0m  [1m[31mrollback transaction[0m
  ↳ app/controllers/stores_controller.rb:21
Completed 422 Unprocessable Entity in 13464ms (ActiveRecord: 0.1ms)


  
ActiveRecord::RecordInvalid (Validation failed: Magazines author must exist):
  
app/controllers/stores_controller.rb:21:in `create'
Started POST "/stores" for ::1 at 2019-03-21 10:54:28 -0400
Processing by StoresController#create as HTML
  Parameters: {"utf8"=>"✓", "authenticity_token"=>"WGSO3VO+8yLeZVfFLcHYznbDKgV8v3OzHz63hQIe2Olls5hJBhe1UezZCXkopwFcm7O78sxhvfdlAT0XM2YLWQ==", "store"=>{"name"=>"Costcop", "city"=>"Baltimop", "magazines_attributes"=>{"0"=>{"title"=>"Cool Times", "category"=>"Great"}, "1"=>{"title"=>"Sweet Flips", "category"=>"taz"}, "2"=>{"title"=>"Paul Esquire", "category"=>"eh"}, "3"=>{"title"=>"Trevor INC", "category"=>"Great"}}}, "commit"=>"Create Store"}
Started GET "/stores/new" for ::1 at 2019-03-21 10:57:36 -0400
  [1m[35m (0.1ms)[0m  [1m[36mbegin transaction[0m
  ↳ app/controllers/stores_controller.rb:22
  [1m[35m (0.0ms)[0m  [1m[31mrollback transaction[0m
  ↳ app/controllers/stores_controller.rb:22
Completed 422 Unprocessable Entity in 187580ms (ActiveRecord: 1.0ms)


  
ActiveRecord::RecordInvalid (Validation failed: Magazines author must exist):
  
app/controllers/stores_controller.rb:22:in `create'
Processing by StoresController#new as HTML
  Rendering stores/new.erb within layouts/application
  Rendered stores/new.erb within layouts/application (4.5ms)
Completed 200 OK in 38ms (Views: 22.5ms | ActiveRecord: 0.9ms)


Started GET "/stores/new" for ::1 at 2019-03-21 10:57:39 -0400
Processing by StoresController#new as HTML
  Rendering stores/new.erb within layouts/application
  Rendered stores/new.erb within layouts/application (5.4ms)
Completed 200 OK in 34ms (Views: 28.9ms | ActiveRecord: 0.0ms)


Started POST "/stores" for ::1 at 2019-03-21 10:57:51 -0400
Processing by StoresController#create as HTML
  Parameters: {"utf8"=>"✓", "authenticity_token"=>"foBZ7d5N5F42qHbdvbjYLvJv/qtKXAjtK6fxCHxFfTxDV095i+SiLQQUKGG43gG8Hx9vXPqCxqlRmHuaTT2ujA==", "store"=>{"name"=>"fsfdsfs", "city"=>"fdsfdsfdsfd", "magazines_attributes"=>{"0"=>{"title"=>"dfsdfsdf", "category"=>"dsfsdfdsfsd"}, "1"=>{"title"=>"dsfsdfsdf", "category"=>"fsdfsdfsdf"}, "2"=>{"title"=>"dsfdsfsdfsd", "category"=>"dsfsdfdsfsdfsdf"}, "3"=>{"title"=>"dsfsdfs", "category"=>"dsfdsfdsf"}}}, "commit"=>"Create Store"}
  [1m[35m (0.1ms)[0m  [1m[36mbegin transaction[0m
  ↳ app/controllers/stores_controller.rb:20
  [1m[35m (0.0ms)[0m  [1m[31mrollback transaction[0m
  ↳ app/controllers/stores_controller.rb:20
Completed 422 Unprocessable Entity in 8ms (ActiveRecord: 0.1ms)


  
ActiveRecord::RecordInvalid (Validation failed: Magazines author must exist):
  
app/controllers/stores_controller.rb:20:in `create'
Started POST "/stores" for ::1 at 2019-03-21 10:59:02 -0400
Processing by StoresController#create as HTML
  Parameters: {"utf8"=>"✓", "authenticity_token"=>"foBZ7d5N5F42qHbdvbjYLvJv/qtKXAjtK6fxCHxFfTxDV095i+SiLQQUKGG43gG8Hx9vXPqCxqlRmHuaTT2ujA==", "store"=>{"name"=>"fsfdsfs", "city"=>"fdsfdsfdsfd", "magazines_attributes"=>{"0"=>{"title"=>"dfsdfsdf", "category"=>"dsfsdfdsfsd"}, "1"=>{"title"=>"dsfsdfsdf", "category"=>"fsdfsdfsdf"}, "2"=>{"title"=>"dsfdsfsdfsd", "category"=>"dsfsdfdsfsdfsdf"}, "3"=>{"title"=>"dsfsdfs", "category"=>"dsfdsfdsf"}}}, "commit"=>"Create Store"}
  [1m[35m (0.0ms)[0m  [1m[36mbegin transaction[0m
  ↳ app/controllers/stores_controller.rb:20
  [1m[35m (0.0ms)[0m  [1m[31mrollback transaction[0m
  ↳ app/controllers/stores_controller.rb:20
Completed 422 Unprocessable Entity in 22ms (ActiveRecord: 1.0ms)


  
ActiveRecord::RecordInvalid (Validation failed: Magazines author must exist):
  
app/controllers/stores_controller.rb:20:in `create'
Started GET "/stores/new" for ::1 at 2019-03-21 10:59:14 -0400
Processing by StoresController#new as HTML
  [1m[35m (0.0ms)[0m  [1m[36mbegin transaction[0m
  ↳ app/controllers/stores_controller.rb:12
  [1m[36mAuthor Create (1.1ms)[0m  [1m[32mINSERT INTO "authors" ("name", "fame", "created_at", "updated_at") VALUES (?, ?, ?, ?)[0m  [["name", "Chaz"], ["fame", 1], ["created_at", "2019-03-21 14:59:14.822819"], ["updated_at", "2019-03-21 14:59:14.822819"]]
  ↳ app/controllers/stores_controller.rb:12
  [1m[35m (0.6ms)[0m  [1m[36mcommit transaction[0m
  ↳ app/controllers/stores_controller.rb:12
  Rendering stores/new.erb within layouts/application
  Rendered stores/new.erb within layouts/application (3.5ms)
Completed 200 OK in 39ms (Views: 27.0ms | ActiveRecord: 2.3ms)


Started GET "/stores/new" for ::1 at 2019-03-21 10:59:41 -0400
Processing by StoresController#new as HTML
  Rendering stores/new.erb within layouts/application
  Rendered stores/new.erb within layouts/application (4.3ms)
Completed 200 OK in 40ms (Views: 21.6ms | ActiveRecord: 0.9ms)


Started POST "/stores" for ::1 at 2019-03-21 10:59:52 -0400
Processing by StoresController#create as HTML
  Parameters: {"utf8"=>"✓", "authenticity_token"=>"rMwgoV053P+peGI87QOwjihmaZlv/lnGeYoztD8uTJORGzY1CJCajJvEPIDoZWkcxRb4bt8gl4IDtbkmDlafIw==", "store"=>{"name"=>"fdsafasdsa", "city"=>"dasdsadasd", "magazines_attributes"=>{"0"=>{"title"=>"aasa", "category"=>"a"}, "1"=>{"title"=>"a", "category"=>"a"}, "2"=>{"title"=>"h", "category"=>"h"}, "3"=>{"title"=>"hh", "category"=>"h"}}}, "commit"=>"Create Store"}
  [1m[35m (0.0ms)[0m  [1m[36mbegin transaction[0m
  ↳ app/controllers/stores_controller.rb:20
  [1m[36mStore Create (0.3ms)[0m  [1m[32mINSERT INTO "stores" ("name", "city", "created_at", "updated_at") VALUES (?, ?, ?, ?)[0m  [["name", "fdsafasdsa"], ["city", "dasdsadasd"], ["created_at", "2019-03-21 14:59:52.338263"], ["updated_at", "2019-03-21 14:59:52.338263"]]
  ↳ app/controllers/stores_controller.rb:20
  [1m[36mMagazine Create (0.5ms)[0m  [1m[32mINSERT INTO "magazines" ("title", "category", "store_id", "created_at", "updated_at") VALUES (?, ?, ?, ?, ?)[0m  [["title", "aasa"], ["category", "a"], ["store_id", 4], ["created_at", "2019-03-21 14:59:52.339472"], ["updated_at", "2019-03-21 14:59:52.339472"]]
  ↳ app/controllers/stores_controller.rb:20
  [1m[36mMagazine Create (0.1ms)[0m  [1m[32mINSERT INTO "magazines" ("title", "category", "store_id", "created_at", "updated_at") VALUES (?, ?, ?, ?, ?)[0m  [["title", "a"], ["category", "a"], ["store_id", 4], ["created_at", "2019-03-21 14:59:52.340767"], ["updated_at", "2019-03-21 14:59:52.340767"]]
  ↳ app/controllers/stores_controller.rb:20
  [1m[36mMagazine Create (0.1ms)[0m  [1m[32mINSERT INTO "magazines" ("title", "category", "store_id", "created_at", "updated_at") VALUES (?, ?, ?, ?, ?)[0m  [["title", "h"], ["category", "h"], ["store_id", 4], ["created_at", "2019-03-21 14:59:52.341546"], ["updated_at", "2019-03-21 14:59:52.341546"]]
  ↳ app/controllers/stores_controller.rb:20
  [1m[36mMagazine Create (0.1ms)[0m  [1m[32mINSERT INTO "magazines" ("title", "category", "store_id", "created_at", "updated_at") VALUES (?, ?, ?, ?, ?)[0m  [["title", "hh"], ["category", "h"], ["store_id", 4], ["created_at", "2019-03-21 14:59:52.342192"], ["updated_at", "2019-03-21 14:59:52.342192"]]
  ↳ app/controllers/stores_controller.rb:20
  [1m[35m (0.7ms)[0m  [1m[36mcommit transaction[0m
  ↳ app/controllers/stores_controller.rb:20
Redirected to http://localhost:3000/stores/4
Completed 302 Found in 9ms (ActiveRecord: 1.7ms)


Started GET "/stores/4" for ::1 at 2019-03-21 10:59:52 -0400
Processing by StoresController#show as HTML
  Parameters: {"id"=>"4"}
  [1m[36mStore Load (0.2ms)[0m  [1m[34mSELECT  "stores".* FROM "stores" WHERE "stores"."id" = ? LIMIT ?[0m  [["id", 4], ["LIMIT", 1]]
  ↳ app/controllers/stores_controller.rb:7
  Rendering stores/show.erb within layouts/application
  Rendered stores/show.erb within layouts/application (0.7ms)
Completed 200 OK in 23ms (Views: 17.5ms | ActiveRecord: 0.2ms)


  [1m[36mStore Load (0.1ms)[0m  [1m[34mSELECT  "stores".* FROM "stores" WHERE "stores"."id" = ? LIMIT ?[0m  [["id", 4], ["LIMIT", 1]]
  [1m[36mStore Load (0.2ms)[0m  [1m[34mSELECT  "stores".* FROM "stores" WHERE "stores"."id" = ? LIMIT ?[0m  [["id", 4], ["LIMIT", 1]]
  [1m[36mMagazine Load (0.1ms)[0m  [1m[34mSELECT  "magazines".* FROM "magazines" WHERE "magazines"."store_id" = ? LIMIT ?[0m  [["store_id", 4], ["LIMIT", 11]]
Started GET "/stores/new" for ::1 at 2019-03-21 11:01:38 -0400
  [1m[35m (0.1ms)[0m  [1m[34mSELECT "schema_migrations"."version" FROM "schema_migrations" ORDER BY "schema_migrations"."version" ASC[0m
  ↳ /Users/cmiller2/.rvm/gems/ruby-2.5.3/gems/activerecord-5.2.2.1/lib/active_record/log_subscriber.rb:98
Processing by StoresController#new as HTML
  Rendering stores/new.erb within layouts/application
  Rendered stores/new.erb within layouts/application (9.3ms)
Completed 200 OK in 197ms (Views: 175.2ms | ActiveRecord: 0.7ms)


Started GET "/magazines/new" for ::1 at 2019-03-21 11:14:22 -0400
  
ActionController::RoutingError (No route matches [GET] "/magazines/new"):
  
actionpack (5.2.2.1) lib/action_dispatch/middleware/debug_exceptions.rb:65:in `call'
web-console (3.7.0) lib/web_console/middleware.rb:135:in `call_app'
web-console (3.7.0) lib/web_console/middleware.rb:30:in `block in call'
web-console (3.7.0) lib/web_console/middleware.rb:20:in `catch'
web-console (3.7.0) lib/web_console/middleware.rb:20:in `call'
actionpack (5.2.2.1) lib/action_dispatch/middleware/show_exceptions.rb:33:in `call'
railties (5.2.2.1) lib/rails/rack/logger.rb:38:in `call_app'
railties (5.2.2.1) lib/rails/rack/logger.rb:26:in `block in call'
activesupport (5.2.2.1) lib/active_support/tagged_logging.rb:71:in `block in tagged'
activesupport (5.2.2.1) lib/active_support/tagged_logging.rb:28:in `tagged'
activesupport (5.2.2.1) lib/active_support/tagged_logging.rb:71:in `tagged'
railties (5.2.2.1) lib/rails/rack/logger.rb:26:in `call'
sprockets-rails (3.2.1) lib/sprockets/rails/quiet_assets.rb:13:in `call'
actionpack (5.2.2.1) lib/action_dispatch/middleware/remote_ip.rb:81:in `call'
actionpack (5.2.2.1) lib/action_dispatch/middleware/request_id.rb:27:in `call'
rack (2.0.6) lib/rack/method_override.rb:22:in `call'
rack (2.0.6) lib/rack/runtime.rb:22:in `call'
activesupport (5.2.2.1) lib/active_support/cache/strategy/local_cache_middleware.rb:29:in `call'
actionpack (5.2.2.1) lib/action_dispatch/middleware/executor.rb:14:in `call'
actionpack (5.2.2.1) lib/action_dispatch/middleware/static.rb:127:in `call'
rack (2.0.6) lib/rack/sendfile.rb:111:in `call'
railties (5.2.2.1) lib/rails/engine.rb:524:in `call'
puma (3.12.1) lib/puma/configuration.rb:227:in `call'
puma (3.12.1) lib/puma/server.rb:660:in `handle_request'
puma (3.12.1) lib/puma/server.rb:474:in `process_client'
puma (3.12.1) lib/puma/server.rb:334:in `block in run'
puma (3.12.1) lib/puma/thread_pool.rb:135:in `block in spawn_thread'
  [1m[35m (0.1ms)[0m  [1m[34mSELECT "schema_migrations"."version" FROM "schema_migrations" ORDER BY "schema_migrations"."version" ASC[0m
  ↳ bin/rails:9
  [1m[35m (0.1ms)[0m  [1m[34mSELECT "ar_internal_metadata"."value" FROM "ar_internal_metadata" WHERE "ar_internal_metadata"."key" = ?[0m  [["key", "environment"]]
  ↳ bin/rails:9
  [1m[35m (0.1ms)[0m  [1m[34mSELECT "schema_migrations"."version" FROM "schema_migrations" ORDER BY "schema_migrations"."version" ASC[0m
  ↳ bin/rails:9
  [1m[35m (0.1ms)[0m  [1m[34mSELECT "ar_internal_metadata"."value" FROM "ar_internal_metadata" WHERE "ar_internal_metadata"."key" = ?[0m  [["key", "environment"]]
  ↳ bin/rails:9
  [1m[35m (0.1ms)[0m  [1m[34mSELECT "schema_migrations"."version" FROM "schema_migrations" ORDER BY "schema_migrations"."version" ASC[0m
  ↳ bin/rails:9
  [1m[35m (0.0ms)[0m  [1m[34mSELECT "ar_internal_metadata"."value" FROM "ar_internal_metadata" WHERE "ar_internal_metadata"."key" = ?[0m  [["key", "environment"]]
  ↳ bin/rails:9
  [1m[35m (0.1ms)[0m  [1m[34mSELECT sqlite_version(*)[0m
  ↳ bin/rails:9
  [1m[35m (0.9ms)[0m  [1m[35mCREATE TABLE "schema_migrations" ("version" varchar NOT NULL PRIMARY KEY)[0m
  ↳ bin/rails:9
  [1m[35m (0.7ms)[0m  [1m[35mCREATE TABLE "ar_internal_metadata" ("key" varchar NOT NULL PRIMARY KEY, "value" varchar, "created_at" datetime NOT NULL, "updated_at" datetime NOT NULL)[0m
  ↳ bin/rails:9
  [1m[35m (0.1ms)[0m  [1m[34mSELECT "schema_migrations"."version" FROM "schema_migrations" ORDER BY "schema_migrations"."version" ASC[0m
  ↳ bin/rails:9
Migrating to CreateStores (20190320200809)
  [1m[35m (0.0ms)[0m  [1m[36mbegin transaction[0m
  ↳ bin/rails:9
  [1m[35m (0.3ms)[0m  [1m[35mCREATE TABLE "stores" ("id" integer PRIMARY KEY AUTOINCREMENT NOT NULL, "name" varchar, "city" varchar, "created_at" datetime NOT NULL, "updated_at" datetime NOT NULL)[0m
  ↳ db/migrate/20190320200809_create_stores.rb:3
  [1m[36mActiveRecord::SchemaMigration Create (0.1ms)[0m  [1m[32mINSERT INTO "schema_migrations" ("version") VALUES (?)[0m  [["version", "20190320200809"]]
  ↳ bin/rails:9
  [1m[35m (0.7ms)[0m  [1m[36mcommit transaction[0m
  ↳ bin/rails:9
Migrating to CreateAuthors (20190320201343)
  [1m[35m (0.0ms)[0m  [1m[36mbegin transaction[0m
  ↳ bin/rails:9
  [1m[35m (0.3ms)[0m  [1m[35mCREATE TABLE "authors" ("id" integer PRIMARY KEY AUTOINCREMENT NOT NULL, "name" varchar, "fame" integer, "created_at" datetime NOT NULL, "updated_at" datetime NOT NULL)[0m
  ↳ db/migrate/20190320201343_create_authors.rb:3
  [1m[36mActiveRecord::SchemaMigration Create (0.2ms)[0m  [1m[32mINSERT INTO "schema_migrations" ("version") VALUES (?)[0m  [["version", "20190320201343"]]
  ↳ bin/rails:9
  [1m[35m (0.6ms)[0m  [1m[36mcommit transaction[0m
  ↳ bin/rails:9
Migrating to CreateMagazines (20190320201435)
  [1m[35m (0.0ms)[0m  [1m[36mbegin transaction[0m
  ↳ bin/rails:9
  [1m[35m (0.2ms)[0m  [1m[35mCREATE TABLE "magazines" ("id" integer PRIMARY KEY AUTOINCREMENT NOT NULL, "title" varchar, "category" varchar, "price" integer, "store_id" integer, "created_at" datetime NOT NULL, "updated_at" datetime NOT NULL)[0m
  ↳ db/migrate/20190320201435_create_magazines.rb:3
  [1m[36mActiveRecord::SchemaMigration Create (0.1ms)[0m  [1m[32mINSERT INTO "schema_migrations" ("version") VALUES (?)[0m  [["version", "20190320201435"]]
  ↳ bin/rails:9
  [1m[35m (0.4ms)[0m  [1m[36mcommit transaction[0m
  ↳ bin/rails:9
  [1m[36mActiveRecord::InternalMetadata Load (0.1ms)[0m  [1m[34mSELECT  "ar_internal_metadata".* FROM "ar_internal_metadata" WHERE "ar_internal_metadata"."key" = ? LIMIT ?[0m  [["key", "environment"], ["LIMIT", 1]]
  ↳ bin/rails:9
  [1m[35m (0.0ms)[0m  [1m[36mbegin transaction[0m
  ↳ bin/rails:9
  [1m[36mActiveRecord::InternalMetadata Create (0.3ms)[0m  [1m[32mINSERT INTO "ar_internal_metadata" ("key", "value", "created_at", "updated_at") VALUES (?, ?, ?, ?)[0m  [["key", "environment"], ["value", "development"], ["created_at", "2019-03-21 15:18:05.671106"], ["updated_at", "2019-03-21 15:18:05.671106"]]
  ↳ bin/rails:9
  [1m[35m (0.5ms)[0m  [1m[36mcommit transaction[0m
  ↳ bin/rails:9
  [1m[35m (0.1ms)[0m  [1m[34mSELECT "schema_migrations"."version" FROM "schema_migrations" ORDER BY "schema_migrations"."version" ASC[0m
  ↳ bin/rails:9
  [1m[35m (0.1ms)[0m  [1m[34mSELECT "schema_migrations"."version" FROM "schema_migrations" ORDER BY "schema_migrations"."version" ASC[0m
  ↳ bin/rails:9
  [1m[35m (0.0ms)[0m  [1m[36mbegin transaction[0m
  ↳ db/seeds.rb:8
  [1m[36mStore Create (0.4ms)[0m  [1m[32mINSERT INTO "stores" ("name", "city", "created_at", "updated_at") VALUES (?, ?, ?, ?)[0m  [["name", "Amazon 2"], ["city", "Amazon City"], ["created_at", "2019-03-21 15:19:39.332214"], ["updated_at", "2019-03-21 15:19:39.332214"]]
  ↳ db/seeds.rb:8
  [1m[35m (0.6ms)[0m  [1m[36mcommit transaction[0m
  ↳ db/seeds.rb:8
  [1m[35m (0.0ms)[0m  [1m[36mbegin transaction[0m
  ↳ db/seeds.rb:9
  [1m[36mStore Create (0.3ms)[0m  [1m[32mINSERT INTO "stores" ("name", "city", "created_at", "updated_at") VALUES (?, ?, ?, ?)[0m  [["name", "Big Cool"], ["city", "Cool City"], ["created_at", "2019-03-21 15:19:39.334385"], ["updated_at", "2019-03-21 15:19:39.334385"]]
  ↳ db/seeds.rb:9
  [1m[35m (0.8ms)[0m  [1m[36mcommit transaction[0m
  ↳ db/seeds.rb:9
  [1m[35m (0.0ms)[0m  [1m[36mbegin transaction[0m
  ↳ db/seeds.rb:10
  [1m[36mStore Create (0.3ms)[0m  [1m[32mINSERT INTO "stores" ("name", "city", "created_at", "updated_at") VALUES (?, ?, ?, ?)[0m  [["name", "Super Duper"], ["city", "Super City"], ["created_at", "2019-03-21 15:19:39.336602"], ["updated_at", "2019-03-21 15:19:39.336602"]]
  ↳ db/seeds.rb:10
  [1m[35m (0.5ms)[0m  [1m[36mcommit transaction[0m
  ↳ db/seeds.rb:10
  [1m[35m (0.0ms)[0m  [1m[36mbegin transaction[0m
  ↳ db/seeds.rb:11
  [1m[36mStore Create (0.2ms)[0m  [1m[32mINSERT INTO "stores" ("name", "city", "created_at", "updated_at") VALUES (?, ?, ?, ?)[0m  [["name", "Duper Super"], ["city", "Duper City"], ["created_at", "2019-03-21 15:19:39.338394"], ["updated_at", "2019-03-21 15:19:39.338394"]]
  ↳ db/seeds.rb:11
  [1m[35m (0.7ms)[0m  [1m[36mcommit transaction[0m
  ↳ db/seeds.rb:11
  [1m[36mStore Load (0.5ms)[0m  [1m[34mSELECT  "stores".* FROM "stores" LIMIT ?[0m  [["LIMIT", 11]]
Started GET "/magazines/new" for ::1 at 2019-03-21 11:36:58 -0400
  [1m[35m (0.1ms)[0m  [1m[34mSELECT "schema_migrations"."version" FROM "schema_migrations" ORDER BY "schema_migrations"."version" ASC[0m
  ↳ /Users/cmiller2/.rvm/gems/ruby-2.5.3/gems/activerecord-5.2.2.1/lib/active_record/log_subscriber.rb:98
Processing by MagazinesController#new as HTML
  Rendering magazines/new.html.erb within layouts/application
  Rendered magazines/new.html.erb within layouts/application (6.4ms)
Completed 200 OK in 224ms (Views: 212.2ms | ActiveRecord: 0.4ms)


Started GET "/magazines/new" for ::1 at 2019-03-21 11:38:05 -0400
Processing by MagazinesController#new as HTML
  Rendering magazines/new.html.erb within layouts/application
  Rendered magazines/new.html.erb within layouts/application (1.7ms)
Completed 200 OK in 24ms (Views: 21.3ms | ActiveRecord: 0.0ms)


Started GET "/magazines/new" for ::1 at 2019-03-21 11:38:15 -0400
Processing by MagazinesController#new as HTML
  Rendering magazines/new.html.erb within layouts/application
  Rendered magazines/new.html.erb within layouts/application (2.0ms)
Completed 200 OK in 30ms (Views: 27.3ms | ActiveRecord: 0.0ms)


Started GET "/magazines/new" for ::1 at 2019-03-21 11:42:01 -0400
Processing by MagazinesController#new as HTML
  Rendering magazines/new.html.erb within layouts/application
  [1m[36mStore Load (0.1ms)[0m  [1m[34mSELECT "stores".* FROM "stores"[0m
  ↳ app/views/magazines/new.html.erb:13
  Rendered magazines/new.html.erb within layouts/application (18.0ms)
Completed 200 OK in 39ms (Views: 35.7ms | ActiveRecord: 0.7ms)


Started GET "/magazines/new" for ::1 at 2019-03-21 11:43:07 -0400
Processing by MagazinesController#new as HTML
  Rendering magazines/new.html.erb within layouts/application
  Rendered magazines/new.html.erb within layouts/application (8.5ms)
Completed 500 Internal Server Error in 17ms (ActiveRecord: 0.0ms)


  
ActionView::Template::Error (wrong number of arguments (given 3, expected 4..6)):
    10:   <%= f.label :price %>
    11:   <%= f.text_field :price %>
    12: 
    13:   <%= f.collection_select :store_id, Store.all, :id %>
    14: 
    15:   <%= f.submit "Make me a mag" %>
    16: <% end %>
  
app/views/magazines/new.html.erb:13:in `block in _app_views_magazines_new_html_erb___1783742619164753157_70283674150780'
app/views/magazines/new.html.erb:3:in `_app_views_magazines_new_html_erb___1783742619164753157_70283674150780'
Started GET "/magazines/new" for ::1 at 2019-03-21 11:43:33 -0400
Processing by MagazinesController#new as HTML
  Rendering magazines/new.html.erb within layouts/application
  [1m[36mStore Load (0.2ms)[0m  [1m[34mSELECT "stores".* FROM "stores"[0m
  ↳ app/views/magazines/new.html.erb:13
  Rendered magazines/new.html.erb within layouts/application (2.9ms)
Completed 200 OK in 30ms (Views: 26.7ms | ActiveRecord: 0.2ms)


Started GET "/magazines/new" for ::1 at 2019-03-21 11:44:40 -0400
Processing by MagazinesController#new as HTML
  Rendering magazines/new.html.erb within layouts/application
  [1m[36mStore Load (0.2ms)[0m  [1m[34mSELECT "stores".* FROM "stores"[0m
  ↳ app/views/magazines/new.html.erb:13
  Rendered magazines/new.html.erb within layouts/application (2.5ms)
Completed 200 OK in 25ms (Views: 21.4ms | ActiveRecord: 0.2ms)


Started POST "/magazines" for ::1 at 2019-03-21 11:45:00 -0400
Processing by MagazinesController#create as HTML
  Parameters: {"utf8"=>"✓", "authenticity_token"=>"oUDX4OpxL75POGviwffKN/EqVBSMHRjOB9wvesVf4Dqcl8F0v9hpzX2ENV7EkROlHFrF4zzD1op946Xo9Cczig==", "magazine"=>{"title"=>"My Mag", "category"=>"Niceeeee", "price"=>"10000000", "store_id"=>"2"}, "commit"=>"Make me a mag"}
No template found for MagazinesController#create, rendering head :no_content
Completed 204 No Content in 486956ms (ActiveRecord: 0.0ms)


Started GET "/magazines/new" for ::1 at 2019-03-21 11:53:19 -0400
Processing by MagazinesController#new as HTML
  Rendering magazines/new.html.erb within layouts/application
  [1m[36mStore Load (0.2ms)[0m  [1m[34mSELECT "stores".* FROM "stores"[0m
  ↳ app/views/magazines/new.html.erb:13
  Rendered magazines/new.html.erb within layouts/application (9.5ms)
Completed 200 OK in 37ms (Views: 27.3ms | ActiveRecord: 1.1ms)


Started POST "/magazines" for ::1 at 2019-03-21 11:53:27 -0400
Processing by MagazinesController#create as HTML
  Parameters: {"utf8"=>"✓", "authenticity_token"=>"9zSOZ6W2zjua3C1kwH/Splv39arClTEX9dEhcXibe+TK45jz8B+ISKhgc9jFGQs0todkXXJL/1OP7qvjSeOoVA==", "magazine"=>{"title"=>"My Mag", "category"=>"Niceeeee", "price"=>"10000000", "store_id"=>"2"}, "commit"=>"Make me a mag"}
  [1m[35m (0.1ms)[0m  [1m[36mbegin transaction[0m
  ↳ app/controllers/magazines_controller.rb:7
  [1m[36mStore Load (0.2ms)[0m  [1m[34mSELECT  "stores".* FROM "stores" WHERE "stores"."id" = ? LIMIT ?[0m  [["id", 2], ["LIMIT", 1]]
  ↳ app/controllers/magazines_controller.rb:7
  [1m[36mMagazine Create (0.5ms)[0m  [1m[32mINSERT INTO "magazines" ("title", "category", "price", "store_id", "created_at", "updated_at") VALUES (?, ?, ?, ?, ?, ?)[0m  [["title", "My Mag"], ["category", "Niceeeee"], ["price", 10000000], ["store_id", 2], ["created_at", "2019-03-21 15:53:27.428706"], ["updated_at", "2019-03-21 15:53:27.428706"]]
  ↳ app/controllers/magazines_controller.rb:7
  [1m[35m (0.7ms)[0m  [1m[36mcommit transaction[0m
  ↳ app/controllers/magazines_controller.rb:7
Redirected to http://localhost:3000/magazines/1
Completed 302 Found in 8ms (ActiveRecord: 1.4ms)


Started GET "/magazines/1" for ::1 at 2019-03-21 11:53:27 -0400
Processing by MagazinesController#show as HTML
  Parameters: {"id"=>"1"}
  [1m[36mMagazine Load (0.1ms)[0m  [1m[34mSELECT  "magazines".* FROM "magazines" WHERE "magazines"."id" = ? LIMIT ?[0m  [["id", 1], ["LIMIT", 1]]
  ↳ app/controllers/magazines_controller.rb:12
  Rendering magazines/show.html.erb within layouts/application
  [1m[36mStore Load (0.1ms)[0m  [1m[34mSELECT  "stores".* FROM "stores" WHERE "stores"."id" = ? LIMIT ?[0m  [["id", 2], ["LIMIT", 1]]
  ↳ app/views/magazines/show.html.erb:4
  Rendered magazines/show.html.erb within layouts/application (1.1ms)
Completed 200 OK in 23ms (Views: 19.1ms | ActiveRecord: 0.3ms)


Started POST "/magazines" for ::1 at 2019-03-21 11:54:54 -0400
Processing by MagazinesController#create as HTML
  Parameters: {"utf8"=>"✓", "authenticity_token"=>"9zSOZ6W2zjua3C1kwH/Splv39arClTEX9dEhcXibe+TK45jz8B+ISKhgc9jFGQs0todkXXJL/1OP7qvjSeOoVA==", "magazine"=>{"title"=>"The Scientific Method with Duke Lucius", "category"=>"Sci Fi", "price"=>"200000000000", "store_id"=>"4"}, "commit"=>"Make me a mag"}
  [1m[35m (0.1ms)[0m  [1m[36mbegin transaction[0m
  ↳ app/controllers/magazines_controller.rb:7
  [1m[36mStore Load (0.1ms)[0m  [1m[34mSELECT  "stores".* FROM "stores" WHERE "stores"."id" = ? LIMIT ?[0m  [["id", 4], ["LIMIT", 1]]
  ↳ app/controllers/magazines_controller.rb:7
  [1m[36mMagazine Create (0.3ms)[0m  [1m[32mINSERT INTO "magazines" ("title", "category", "price", "store_id", "created_at", "updated_at") VALUES (?, ?, ?, ?, ?, ?)[0m  [["title", "The Scientific Method with Duke Lucius"], ["category", "Sci Fi"], ["price", 200000000000], ["store_id", 4], ["created_at", "2019-03-21 15:54:54.714525"], ["updated_at", "2019-03-21 15:54:54.714525"]]
  ↳ app/controllers/magazines_controller.rb:7
  [1m[35m (0.5ms)[0m  [1m[36mcommit transaction[0m
  ↳ app/controllers/magazines_controller.rb:7
Redirected to http://localhost:3000/magazines/2
Completed 302 Found in 4ms (ActiveRecord: 1.0ms)


Started GET "/magazines/2" for ::1 at 2019-03-21 11:54:54 -0400
Processing by MagazinesController#show as HTML
  Parameters: {"id"=>"2"}
  [1m[36mMagazine Load (0.1ms)[0m  [1m[34mSELECT  "magazines".* FROM "magazines" WHERE "magazines"."id" = ? LIMIT ?[0m  [["id", 2], ["LIMIT", 1]]
  ↳ app/controllers/magazines_controller.rb:12
  Rendering magazines/show.html.erb within layouts/application
  [1m[36mStore Load (0.1ms)[0m  [1m[34mSELECT  "stores".* FROM "stores" WHERE "stores"."id" = ? LIMIT ?[0m  [["id", 4], ["LIMIT", 1]]
  ↳ app/views/magazines/show.html.erb:4
  Rendered magazines/show.html.erb within layouts/application (1.1ms)
Completed 200 OK in 35ms (Views: 31.9ms | ActiveRecord: 0.2ms)


Started GET "/stores/2" for ::1 at 2019-03-21 11:59:13 -0400
  [1m[35m (0.1ms)[0m  [1m[34mSELECT "schema_migrations"."version" FROM "schema_migrations" ORDER BY "schema_migrations"."version" ASC[0m
  ↳ /Users/cmiller2/.rvm/gems/ruby-2.5.3/gems/activerecord-5.2.2.1/lib/active_record/log_subscriber.rb:98
Processing by StoresController#show as HTML
  Parameters: {"id"=>"2"}
  [1m[36mStore Load (0.1ms)[0m  [1m[34mSELECT  "stores".* FROM "stores" WHERE "stores"."id" = ? LIMIT ?[0m  [["id", 2], ["LIMIT", 1]]
  ↳ app/controllers/stores_controller.rb:7
  Rendering stores/show.erb within layouts/application
  Rendered stores/show.erb within layouts/application (1.1ms)
Completed 200 OK in 184ms (Views: 171.2ms | ActiveRecord: 0.6ms)


Started GET "/stores/2" for ::1 at 2019-03-21 12:02:33 -0400
Processing by StoresController#show as HTML
  Parameters: {"id"=>"2"}
  [1m[36mStore Load (0.1ms)[0m  [1m[34mSELECT  "stores".* FROM "stores" WHERE "stores"."id" = ? LIMIT ?[0m  [["id", 2], ["LIMIT", 1]]
  ↳ app/controllers/stores_controller.rb:7
  Rendering stores/show.erb within layouts/application
  [1m[36mMagazine Load (0.1ms)[0m  [1m[34mSELECT "magazines".* FROM "magazines" WHERE "magazines"."store_id" = ?[0m  [["store_id", 2]]
  ↳ app/views/stores/show.erb:7
  Rendered stores/show.erb within layouts/application (17.9ms)
Completed 200 OK in 39ms (Views: 35.8ms | ActiveRecord: 0.7ms)


Started GET "/magazines/new" for ::1 at 2019-03-21 12:07:04 -0400
Processing by MagazinesController#new as HTML
  Rendering magazines/new.html.erb within layouts/application
  [1m[36mStore Load (0.1ms)[0m  [1m[34mSELECT "stores".* FROM "stores"[0m
  ↳ app/views/magazines/new.html.erb:13
  Rendered magazines/new.html.erb within layouts/application (15.2ms)
Completed 200 OK in 43ms (Views: 33.3ms | ActiveRecord: 1.1ms)


Started GET "/magazines/new" for ::1 at 2019-03-21 12:07:23 -0400
Processing by MagazinesController#new as HTML
  Rendering magazines/new.html.erb within layouts/application
  [1m[36mStore Load (0.1ms)[0m  [1m[34mSELECT "stores".* FROM "stores"[0m
  ↳ app/views/magazines/new.html.erb:13
  Rendered magazines/new.html.erb within layouts/application (2.0ms)
Completed 200 OK in 23ms (Views: 20.0ms | ActiveRecord: 0.1ms)


Started GET "/magazines/new" for ::1 at 2019-03-21 12:07:24 -0400
Processing by MagazinesController#new as HTML
  Rendering magazines/new.html.erb within layouts/application
  [1m[36mStore Load (0.2ms)[0m  [1m[34mSELECT "stores".* FROM "stores"[0m
  ↳ app/views/magazines/new.html.erb:13
  Rendered magazines/new.html.erb within layouts/application (3.2ms)
Completed 200 OK in 33ms (Views: 29.1ms | ActiveRecord: 0.2ms)


Started GET "/magazines/new" for ::1 at 2019-03-21 12:07:30 -0400
Processing by MagazinesController#new as HTML
  Rendering magazines/new.html.erb within layouts/application
  [1m[36mStore Load (0.1ms)[0m  [1m[34mSELECT "stores".* FROM "stores"[0m
  ↳ app/views/magazines/new.html.erb:13
  Rendered magazines/new.html.erb within layouts/application (2.3ms)
Completed 200 OK in 23ms (Views: 20.5ms | ActiveRecord: 0.1ms)


Started GET "/magazines/new" for ::1 at 2019-03-21 12:07:43 -0400
Processing by MagazinesController#new as HTML
  Rendering magazines/new.html.erb within layouts/application
  [1m[36mStore Load (0.1ms)[0m  [1m[34mSELECT "stores".* FROM "stores"[0m
  ↳ app/views/magazines/new.html.erb:13
  Rendered magazines/new.html.erb within layouts/application (2.2ms)
Completed 200 OK in 23ms (Views: 19.9ms | ActiveRecord: 0.1ms)


Started GET "/magazines/new" for ::1 at 2019-03-21 12:07:54 -0400
Processing by MagazinesController#new as HTML
  Rendering magazines/new.html.erb within layouts/application
  [1m[36mStore Load (0.2ms)[0m  [1m[34mSELECT "stores".* FROM "stores"[0m
  ↳ app/views/magazines/new.html.erb:13
  Rendered magazines/new.html.erb within layouts/application (2.1ms)
Completed 200 OK in 22ms (Views: 19.3ms | ActiveRecord: 0.2ms)


Started GET "/" for ::1 at 2019-03-21 15:06:40 -0400
  [1m[35m (0.5ms)[0m  [1m[34mSELECT "schema_migrations"."version" FROM "schema_migrations" ORDER BY "schema_migrations"."version" ASC[0m
  ↳ /Users/cmiller2/.rvm/gems/ruby-2.5.3/gems/activerecord-5.2.2.1/lib/active_record/log_subscriber.rb:98
Processing by Rails::WelcomeController#index as HTML
  Rendering /Users/cmiller2/.rvm/gems/ruby-2.5.3/gems/railties-5.2.2.1/lib/rails/templates/rails/welcome/index.html.erb
  Rendered /Users/cmiller2/.rvm/gems/ruby-2.5.3/gems/railties-5.2.2.1/lib/rails/templates/rails/welcome/index.html.erb (3.8ms)
Completed 200 OK in 31ms (Views: 21.7ms | ActiveRecord: 0.0ms)


Started GET "/stores/new" for ::1 at 2019-03-21 15:06:45 -0400
Processing by StoresController#new as HTML
  Rendering stores/new.erb within layouts/application
  Rendered stores/new.erb within layouts/application (26.0ms)
Completed 200 OK in 1042ms (Views: 993.5ms | ActiveRecord: 1.3ms)


Started GET "/stores/1" for ::1 at 2019-03-21 15:07:10 -0400
Processing by StoresController#show as HTML
  Parameters: {"id"=>"1"}
Unpermitted parameter: :id
  [1m[36mStore Load (1.3ms)[0m  [1m[34mSELECT "stores".* FROM "stores" WHERE "stores"."id" IN (?, ?)[0m  [["id", 1], ["id", 2]]
  ↳ app/controllers/stores_controller.rb:8
  Rendering stores/show.erb within layouts/application
  Rendered stores/show.erb within layouts/application (17.8ms)
Completed 500 Internal Server Error in 873382ms (ActiveRecord: 2.0ms)


  
ActionView::Template::Error (undefined method `name' for #<Array:0x00007fc3ec523b10>):
    1: <h1>Store Details, yay</h1>
    2: 
    3: <%= @store.name %>
    4: <%= @store.city %>
    5: 
    6: <ul>
  
app/views/stores/show.erb:3:in `_app_views_stores_show_erb___3362705033052150653_70239730079020'
